ARM GAS  /tmp/ccyyVHRa.s 			page 1


   1              		.cpu cortex-m4
   2              		.arch armv7e-m
   3              		.fpu fpv4-sp-d16
   4              		.eabi_attribute 27, 1
   5              		.eabi_attribute 28, 1
   6              		.eabi_attribute 20, 1
   7              		.eabi_attribute 21, 1
   8              		.eabi_attribute 23, 3
   9              		.eabi_attribute 24, 1
  10              		.eabi_attribute 25, 1
  11              		.eabi_attribute 26, 1
  12              		.eabi_attribute 30, 1
  13              		.eabi_attribute 34, 1
  14              		.eabi_attribute 18, 4
  15              		.file	"i2c.c"
  16              		.text
  17              	.Ltext0:
  18              		.cfi_sections	.debug_frame
  19              		.section	.text.MX_I2C1_Init,"ax",%progbits
  20              		.align	1
  21              		.global	MX_I2C1_Init
  22              		.syntax unified
  23              		.thumb
  24              		.thumb_func
  26              	MX_I2C1_Init:
  27              	.LFB130:
  28              		.file 1 "Core/Src/i2c.c"
   1:Core/Src/i2c.c **** /* USER CODE BEGIN Header */
   2:Core/Src/i2c.c **** /**
   3:Core/Src/i2c.c ****   ******************************************************************************
   4:Core/Src/i2c.c ****   * @file    i2c.c
   5:Core/Src/i2c.c ****   * @brief   This file provides code for the configuration
   6:Core/Src/i2c.c ****   *          of the I2C instances.
   7:Core/Src/i2c.c ****   ******************************************************************************
   8:Core/Src/i2c.c ****   * @attention
   9:Core/Src/i2c.c ****   *
  10:Core/Src/i2c.c ****   * Copyright (c) 2022 STMicroelectronics.
  11:Core/Src/i2c.c ****   * All rights reserved.
  12:Core/Src/i2c.c ****   *
  13:Core/Src/i2c.c ****   * This software is licensed under terms that can be found in the LICENSE file
  14:Core/Src/i2c.c ****   * in the root directory of this software component.
  15:Core/Src/i2c.c ****   * If no LICENSE file comes with this software, it is provided AS-IS.
  16:Core/Src/i2c.c ****   *
  17:Core/Src/i2c.c ****   ******************************************************************************
  18:Core/Src/i2c.c ****   */
  19:Core/Src/i2c.c **** /* USER CODE END Header */
  20:Core/Src/i2c.c **** /* Includes ------------------------------------------------------------------*/
  21:Core/Src/i2c.c **** #include "i2c.h"
  22:Core/Src/i2c.c **** 
  23:Core/Src/i2c.c **** /* USER CODE BEGIN 0 */
  24:Core/Src/i2c.c **** 
  25:Core/Src/i2c.c **** /* USER CODE END 0 */
  26:Core/Src/i2c.c **** 
  27:Core/Src/i2c.c **** I2C_HandleTypeDef hi2c1;
  28:Core/Src/i2c.c **** 
  29:Core/Src/i2c.c **** /* I2C1 init function */
  30:Core/Src/i2c.c **** void MX_I2C1_Init(void)
ARM GAS  /tmp/ccyyVHRa.s 			page 2


  31:Core/Src/i2c.c **** {
  29              		.loc 1 31 1 view -0
  30              		.cfi_startproc
  31              		@ args = 0, pretend = 0, frame = 0
  32              		@ frame_needed = 0, uses_anonymous_args = 0
  33 0000 08B5     		push	{r3, lr}
  34              	.LCFI0:
  35              		.cfi_def_cfa_offset 8
  36              		.cfi_offset 3, -8
  37              		.cfi_offset 14, -4
  32:Core/Src/i2c.c **** 
  33:Core/Src/i2c.c ****   /* USER CODE BEGIN I2C1_Init 0 */
  34:Core/Src/i2c.c **** 
  35:Core/Src/i2c.c ****   /* USER CODE END I2C1_Init 0 */
  36:Core/Src/i2c.c **** 
  37:Core/Src/i2c.c ****   /* USER CODE BEGIN I2C1_Init 1 */
  38:Core/Src/i2c.c **** 
  39:Core/Src/i2c.c ****   /* USER CODE END I2C1_Init 1 */
  40:Core/Src/i2c.c ****   hi2c1.Instance = I2C1;
  38              		.loc 1 40 3 view .LVU1
  39              		.loc 1 40 18 is_stmt 0 view .LVU2
  40 0002 1248     		ldr	r0, .L9
  41 0004 124B     		ldr	r3, .L9+4
  42 0006 0360     		str	r3, [r0]
  41:Core/Src/i2c.c ****   hi2c1.Init.Timing = 0x2000090E;
  43              		.loc 1 41 3 is_stmt 1 view .LVU3
  44              		.loc 1 41 21 is_stmt 0 view .LVU4
  45 0008 124B     		ldr	r3, .L9+8
  46 000a 4360     		str	r3, [r0, #4]
  42:Core/Src/i2c.c ****   hi2c1.Init.OwnAddress1 = 0;
  47              		.loc 1 42 3 is_stmt 1 view .LVU5
  48              		.loc 1 42 26 is_stmt 0 view .LVU6
  49 000c 0023     		movs	r3, #0
  50 000e 8360     		str	r3, [r0, #8]
  43:Core/Src/i2c.c ****   hi2c1.Init.AddressingMode = I2C_ADDRESSINGMODE_7BIT;
  51              		.loc 1 43 3 is_stmt 1 view .LVU7
  52              		.loc 1 43 29 is_stmt 0 view .LVU8
  53 0010 0122     		movs	r2, #1
  54 0012 C260     		str	r2, [r0, #12]
  44:Core/Src/i2c.c ****   hi2c1.Init.DualAddressMode = I2C_DUALADDRESS_DISABLE;
  55              		.loc 1 44 3 is_stmt 1 view .LVU9
  56              		.loc 1 44 30 is_stmt 0 view .LVU10
  57 0014 0361     		str	r3, [r0, #16]
  45:Core/Src/i2c.c ****   hi2c1.Init.OwnAddress2 = 0;
  58              		.loc 1 45 3 is_stmt 1 view .LVU11
  59              		.loc 1 45 26 is_stmt 0 view .LVU12
  60 0016 4361     		str	r3, [r0, #20]
  46:Core/Src/i2c.c ****   hi2c1.Init.OwnAddress2Masks = I2C_OA2_NOMASK;
  61              		.loc 1 46 3 is_stmt 1 view .LVU13
  62              		.loc 1 46 31 is_stmt 0 view .LVU14
  63 0018 8361     		str	r3, [r0, #24]
  47:Core/Src/i2c.c ****   hi2c1.Init.GeneralCallMode = I2C_GENERALCALL_DISABLE;
  64              		.loc 1 47 3 is_stmt 1 view .LVU15
  65              		.loc 1 47 30 is_stmt 0 view .LVU16
  66 001a C361     		str	r3, [r0, #28]
  48:Core/Src/i2c.c ****   hi2c1.Init.NoStretchMode = I2C_NOSTRETCH_DISABLE;
  67              		.loc 1 48 3 is_stmt 1 view .LVU17
ARM GAS  /tmp/ccyyVHRa.s 			page 3


  68              		.loc 1 48 28 is_stmt 0 view .LVU18
  69 001c 0362     		str	r3, [r0, #32]
  49:Core/Src/i2c.c ****   if (HAL_I2C_Init(&hi2c1) != HAL_OK)
  70              		.loc 1 49 3 is_stmt 1 view .LVU19
  71              		.loc 1 49 7 is_stmt 0 view .LVU20
  72 001e FFF7FEFF 		bl	HAL_I2C_Init
  73              	.LVL0:
  74              		.loc 1 49 6 view .LVU21
  75 0022 50B9     		cbnz	r0, .L6
  76              	.L2:
  50:Core/Src/i2c.c ****   {
  51:Core/Src/i2c.c ****     Error_Handler();
  52:Core/Src/i2c.c ****   }
  53:Core/Src/i2c.c **** 
  54:Core/Src/i2c.c ****   /** Configure Analogue filter
  55:Core/Src/i2c.c ****   */
  56:Core/Src/i2c.c ****   if (HAL_I2CEx_ConfigAnalogFilter(&hi2c1, I2C_ANALOGFILTER_ENABLE) != HAL_OK)
  77              		.loc 1 56 3 is_stmt 1 view .LVU22
  78              		.loc 1 56 7 is_stmt 0 view .LVU23
  79 0024 0021     		movs	r1, #0
  80 0026 0948     		ldr	r0, .L9
  81 0028 FFF7FEFF 		bl	HAL_I2CEx_ConfigAnalogFilter
  82              	.LVL1:
  83              		.loc 1 56 6 view .LVU24
  84 002c 40B9     		cbnz	r0, .L7
  85              	.L3:
  57:Core/Src/i2c.c ****   {
  58:Core/Src/i2c.c ****     Error_Handler();
  59:Core/Src/i2c.c ****   }
  60:Core/Src/i2c.c **** 
  61:Core/Src/i2c.c ****   /** Configure Digital filter
  62:Core/Src/i2c.c ****   */
  63:Core/Src/i2c.c ****   if (HAL_I2CEx_ConfigDigitalFilter(&hi2c1, 0) != HAL_OK)
  86              		.loc 1 63 3 is_stmt 1 view .LVU25
  87              		.loc 1 63 7 is_stmt 0 view .LVU26
  88 002e 0021     		movs	r1, #0
  89 0030 0648     		ldr	r0, .L9
  90 0032 FFF7FEFF 		bl	HAL_I2CEx_ConfigDigitalFilter
  91              	.LVL2:
  92              		.loc 1 63 6 view .LVU27
  93 0036 30B9     		cbnz	r0, .L8
  94              	.L1:
  64:Core/Src/i2c.c ****   {
  65:Core/Src/i2c.c ****     Error_Handler();
  66:Core/Src/i2c.c ****   }
  67:Core/Src/i2c.c ****   /* USER CODE BEGIN I2C1_Init 2 */
  68:Core/Src/i2c.c **** 
  69:Core/Src/i2c.c ****   /* USER CODE END I2C1_Init 2 */
  70:Core/Src/i2c.c **** 
  71:Core/Src/i2c.c **** }
  95              		.loc 1 71 1 view .LVU28
  96 0038 08BD     		pop	{r3, pc}
  97              	.L6:
  51:Core/Src/i2c.c ****   }
  98              		.loc 1 51 5 is_stmt 1 view .LVU29
  99 003a FFF7FEFF 		bl	Error_Handler
 100              	.LVL3:
ARM GAS  /tmp/ccyyVHRa.s 			page 4


 101 003e F1E7     		b	.L2
 102              	.L7:
  58:Core/Src/i2c.c ****   }
 103              		.loc 1 58 5 view .LVU30
 104 0040 FFF7FEFF 		bl	Error_Handler
 105              	.LVL4:
 106 0044 F3E7     		b	.L3
 107              	.L8:
  65:Core/Src/i2c.c ****   }
 108              		.loc 1 65 5 view .LVU31
 109 0046 FFF7FEFF 		bl	Error_Handler
 110              	.LVL5:
 111              		.loc 1 71 1 is_stmt 0 view .LVU32
 112 004a F5E7     		b	.L1
 113              	.L10:
 114              		.align	2
 115              	.L9:
 116 004c 00000000 		.word	.LANCHOR0
 117 0050 00540040 		.word	1073763328
 118 0054 0E090020 		.word	536873230
 119              		.cfi_endproc
 120              	.LFE130:
 122              		.section	.text.HAL_I2C_MspInit,"ax",%progbits
 123              		.align	1
 124              		.global	HAL_I2C_MspInit
 125              		.syntax unified
 126              		.thumb
 127              		.thumb_func
 129              	HAL_I2C_MspInit:
 130              	.LVL6:
 131              	.LFB131:
  72:Core/Src/i2c.c **** 
  73:Core/Src/i2c.c **** void HAL_I2C_MspInit(I2C_HandleTypeDef* i2cHandle)
  74:Core/Src/i2c.c **** {
 132              		.loc 1 74 1 is_stmt 1 view -0
 133              		.cfi_startproc
 134              		@ args = 0, pretend = 0, frame = 32
 135              		@ frame_needed = 0, uses_anonymous_args = 0
 136              		.loc 1 74 1 is_stmt 0 view .LVU34
 137 0000 10B5     		push	{r4, lr}
 138              	.LCFI1:
 139              		.cfi_def_cfa_offset 8
 140              		.cfi_offset 4, -8
 141              		.cfi_offset 14, -4
 142 0002 88B0     		sub	sp, sp, #32
 143              	.LCFI2:
 144              		.cfi_def_cfa_offset 40
  75:Core/Src/i2c.c **** 
  76:Core/Src/i2c.c ****   GPIO_InitTypeDef GPIO_InitStruct = {0};
 145              		.loc 1 76 3 is_stmt 1 view .LVU35
 146              		.loc 1 76 20 is_stmt 0 view .LVU36
 147 0004 0023     		movs	r3, #0
 148 0006 0393     		str	r3, [sp, #12]
 149 0008 0493     		str	r3, [sp, #16]
 150 000a 0593     		str	r3, [sp, #20]
 151 000c 0693     		str	r3, [sp, #24]
 152 000e 0793     		str	r3, [sp, #28]
ARM GAS  /tmp/ccyyVHRa.s 			page 5


  77:Core/Src/i2c.c ****   if(i2cHandle->Instance==I2C1)
 153              		.loc 1 77 3 is_stmt 1 view .LVU37
 154              		.loc 1 77 15 is_stmt 0 view .LVU38
 155 0010 0268     		ldr	r2, [r0]
 156              		.loc 1 77 5 view .LVU39
 157 0012 134B     		ldr	r3, .L15
 158 0014 9A42     		cmp	r2, r3
 159 0016 01D0     		beq	.L14
 160              	.LVL7:
 161              	.L11:
  78:Core/Src/i2c.c ****   {
  79:Core/Src/i2c.c ****   /* USER CODE BEGIN I2C1_MspInit 0 */
  80:Core/Src/i2c.c **** 
  81:Core/Src/i2c.c ****   /* USER CODE END I2C1_MspInit 0 */
  82:Core/Src/i2c.c **** 
  83:Core/Src/i2c.c ****     __HAL_RCC_GPIOB_CLK_ENABLE();
  84:Core/Src/i2c.c ****     /**I2C1 GPIO Configuration
  85:Core/Src/i2c.c ****     PB6     ------> I2C1_SCL
  86:Core/Src/i2c.c ****     PB7     ------> I2C1_SDA
  87:Core/Src/i2c.c ****     */
  88:Core/Src/i2c.c ****     GPIO_InitStruct.Pin = I2C1_SCL_Pin|I2C1_SDA_Pin;
  89:Core/Src/i2c.c ****     GPIO_InitStruct.Mode = GPIO_MODE_AF_OD;
  90:Core/Src/i2c.c ****     GPIO_InitStruct.Pull = GPIO_PULLUP;
  91:Core/Src/i2c.c ****     GPIO_InitStruct.Speed = GPIO_SPEED_FREQ_HIGH;
  92:Core/Src/i2c.c ****     GPIO_InitStruct.Alternate = GPIO_AF4_I2C1;
  93:Core/Src/i2c.c ****     HAL_GPIO_Init(GPIOB, &GPIO_InitStruct);
  94:Core/Src/i2c.c **** 
  95:Core/Src/i2c.c ****     /* I2C1 clock enable */
  96:Core/Src/i2c.c ****     __HAL_RCC_I2C1_CLK_ENABLE();
  97:Core/Src/i2c.c ****   /* USER CODE BEGIN I2C1_MspInit 1 */
  98:Core/Src/i2c.c **** 
  99:Core/Src/i2c.c ****   /* USER CODE END I2C1_MspInit 1 */
 100:Core/Src/i2c.c ****   }
 101:Core/Src/i2c.c **** }
 162              		.loc 1 101 1 view .LVU40
 163 0018 08B0     		add	sp, sp, #32
 164              	.LCFI3:
 165              		.cfi_remember_state
 166              		.cfi_def_cfa_offset 8
 167              		@ sp needed
 168 001a 10BD     		pop	{r4, pc}
 169              	.LVL8:
 170              	.L14:
 171              	.LCFI4:
 172              		.cfi_restore_state
  83:Core/Src/i2c.c ****     /**I2C1 GPIO Configuration
 173              		.loc 1 83 5 is_stmt 1 view .LVU41
 174              	.LBB2:
  83:Core/Src/i2c.c ****     /**I2C1 GPIO Configuration
 175              		.loc 1 83 5 view .LVU42
  83:Core/Src/i2c.c ****     /**I2C1 GPIO Configuration
 176              		.loc 1 83 5 view .LVU43
 177 001c 114C     		ldr	r4, .L15+4
 178 001e 6369     		ldr	r3, [r4, #20]
 179 0020 43F48023 		orr	r3, r3, #262144
 180 0024 6361     		str	r3, [r4, #20]
  83:Core/Src/i2c.c ****     /**I2C1 GPIO Configuration
ARM GAS  /tmp/ccyyVHRa.s 			page 6


 181              		.loc 1 83 5 view .LVU44
 182 0026 6369     		ldr	r3, [r4, #20]
 183 0028 03F48023 		and	r3, r3, #262144
 184 002c 0193     		str	r3, [sp, #4]
  83:Core/Src/i2c.c ****     /**I2C1 GPIO Configuration
 185              		.loc 1 83 5 view .LVU45
 186 002e 019B     		ldr	r3, [sp, #4]
 187              	.LBE2:
  83:Core/Src/i2c.c ****     /**I2C1 GPIO Configuration
 188              		.loc 1 83 5 view .LVU46
  88:Core/Src/i2c.c ****     GPIO_InitStruct.Mode = GPIO_MODE_AF_OD;
 189              		.loc 1 88 5 view .LVU47
  88:Core/Src/i2c.c ****     GPIO_InitStruct.Mode = GPIO_MODE_AF_OD;
 190              		.loc 1 88 25 is_stmt 0 view .LVU48
 191 0030 C023     		movs	r3, #192
 192 0032 0393     		str	r3, [sp, #12]
  89:Core/Src/i2c.c ****     GPIO_InitStruct.Pull = GPIO_PULLUP;
 193              		.loc 1 89 5 is_stmt 1 view .LVU49
  89:Core/Src/i2c.c ****     GPIO_InitStruct.Pull = GPIO_PULLUP;
 194              		.loc 1 89 26 is_stmt 0 view .LVU50
 195 0034 1223     		movs	r3, #18
 196 0036 0493     		str	r3, [sp, #16]
  90:Core/Src/i2c.c ****     GPIO_InitStruct.Speed = GPIO_SPEED_FREQ_HIGH;
 197              		.loc 1 90 5 is_stmt 1 view .LVU51
  90:Core/Src/i2c.c ****     GPIO_InitStruct.Speed = GPIO_SPEED_FREQ_HIGH;
 198              		.loc 1 90 26 is_stmt 0 view .LVU52
 199 0038 0123     		movs	r3, #1
 200 003a 0593     		str	r3, [sp, #20]
  91:Core/Src/i2c.c ****     GPIO_InitStruct.Alternate = GPIO_AF4_I2C1;
 201              		.loc 1 91 5 is_stmt 1 view .LVU53
  91:Core/Src/i2c.c ****     GPIO_InitStruct.Alternate = GPIO_AF4_I2C1;
 202              		.loc 1 91 27 is_stmt 0 view .LVU54
 203 003c 0323     		movs	r3, #3
 204 003e 0693     		str	r3, [sp, #24]
  92:Core/Src/i2c.c ****     HAL_GPIO_Init(GPIOB, &GPIO_InitStruct);
 205              		.loc 1 92 5 is_stmt 1 view .LVU55
  92:Core/Src/i2c.c ****     HAL_GPIO_Init(GPIOB, &GPIO_InitStruct);
 206              		.loc 1 92 31 is_stmt 0 view .LVU56
 207 0040 0423     		movs	r3, #4
 208 0042 0793     		str	r3, [sp, #28]
  93:Core/Src/i2c.c **** 
 209              		.loc 1 93 5 is_stmt 1 view .LVU57
 210 0044 03A9     		add	r1, sp, #12
 211 0046 0848     		ldr	r0, .L15+8
 212              	.LVL9:
  93:Core/Src/i2c.c **** 
 213              		.loc 1 93 5 is_stmt 0 view .LVU58
 214 0048 FFF7FEFF 		bl	HAL_GPIO_Init
 215              	.LVL10:
  96:Core/Src/i2c.c ****   /* USER CODE BEGIN I2C1_MspInit 1 */
 216              		.loc 1 96 5 is_stmt 1 view .LVU59
 217              	.LBB3:
  96:Core/Src/i2c.c ****   /* USER CODE BEGIN I2C1_MspInit 1 */
 218              		.loc 1 96 5 view .LVU60
  96:Core/Src/i2c.c ****   /* USER CODE BEGIN I2C1_MspInit 1 */
 219              		.loc 1 96 5 view .LVU61
 220 004c E369     		ldr	r3, [r4, #28]
ARM GAS  /tmp/ccyyVHRa.s 			page 7


 221 004e 43F40013 		orr	r3, r3, #2097152
 222 0052 E361     		str	r3, [r4, #28]
  96:Core/Src/i2c.c ****   /* USER CODE BEGIN I2C1_MspInit 1 */
 223              		.loc 1 96 5 view .LVU62
 224 0054 E369     		ldr	r3, [r4, #28]
 225 0056 03F40013 		and	r3, r3, #2097152
 226 005a 0293     		str	r3, [sp, #8]
  96:Core/Src/i2c.c ****   /* USER CODE BEGIN I2C1_MspInit 1 */
 227              		.loc 1 96 5 view .LVU63
 228 005c 029B     		ldr	r3, [sp, #8]
 229              	.LBE3:
  96:Core/Src/i2c.c ****   /* USER CODE BEGIN I2C1_MspInit 1 */
 230              		.loc 1 96 5 view .LVU64
 231              		.loc 1 101 1 is_stmt 0 view .LVU65
 232 005e DBE7     		b	.L11
 233              	.L16:
 234              		.align	2
 235              	.L15:
 236 0060 00540040 		.word	1073763328
 237 0064 00100240 		.word	1073876992
 238 0068 00040048 		.word	1207960576
 239              		.cfi_endproc
 240              	.LFE131:
 242              		.section	.text.HAL_I2C_MspDeInit,"ax",%progbits
 243              		.align	1
 244              		.global	HAL_I2C_MspDeInit
 245              		.syntax unified
 246              		.thumb
 247              		.thumb_func
 249              	HAL_I2C_MspDeInit:
 250              	.LVL11:
 251              	.LFB132:
 102:Core/Src/i2c.c **** 
 103:Core/Src/i2c.c **** void HAL_I2C_MspDeInit(I2C_HandleTypeDef* i2cHandle)
 104:Core/Src/i2c.c **** {
 252              		.loc 1 104 1 is_stmt 1 view -0
 253              		.cfi_startproc
 254              		@ args = 0, pretend = 0, frame = 0
 255              		@ frame_needed = 0, uses_anonymous_args = 0
 105:Core/Src/i2c.c **** 
 106:Core/Src/i2c.c ****   if(i2cHandle->Instance==I2C1)
 256              		.loc 1 106 3 view .LVU67
 257              		.loc 1 106 15 is_stmt 0 view .LVU68
 258 0000 0268     		ldr	r2, [r0]
 259              		.loc 1 106 5 view .LVU69
 260 0002 0A4B     		ldr	r3, .L24
 261 0004 9A42     		cmp	r2, r3
 262 0006 00D0     		beq	.L23
 263 0008 7047     		bx	lr
 264              	.L23:
 104:Core/Src/i2c.c **** 
 265              		.loc 1 104 1 view .LVU70
 266 000a 10B5     		push	{r4, lr}
 267              	.LCFI5:
 268              		.cfi_def_cfa_offset 8
 269              		.cfi_offset 4, -8
 270              		.cfi_offset 14, -4
ARM GAS  /tmp/ccyyVHRa.s 			page 8


 107:Core/Src/i2c.c ****   {
 108:Core/Src/i2c.c ****   /* USER CODE BEGIN I2C1_MspDeInit 0 */
 109:Core/Src/i2c.c **** 
 110:Core/Src/i2c.c ****   /* USER CODE END I2C1_MspDeInit 0 */
 111:Core/Src/i2c.c ****     /* Peripheral clock disable */
 112:Core/Src/i2c.c ****     __HAL_RCC_I2C1_CLK_DISABLE();
 271              		.loc 1 112 5 is_stmt 1 view .LVU71
 272 000c 084A     		ldr	r2, .L24+4
 273 000e D369     		ldr	r3, [r2, #28]
 274 0010 23F40013 		bic	r3, r3, #2097152
 275 0014 D361     		str	r3, [r2, #28]
 113:Core/Src/i2c.c **** 
 114:Core/Src/i2c.c ****     /**I2C1 GPIO Configuration
 115:Core/Src/i2c.c ****     PB6     ------> I2C1_SCL
 116:Core/Src/i2c.c ****     PB7     ------> I2C1_SDA
 117:Core/Src/i2c.c ****     */
 118:Core/Src/i2c.c ****     HAL_GPIO_DeInit(I2C1_SCL_GPIO_Port, I2C1_SCL_Pin);
 276              		.loc 1 118 5 view .LVU72
 277 0016 074C     		ldr	r4, .L24+8
 278 0018 4021     		movs	r1, #64
 279 001a 2046     		mov	r0, r4
 280              	.LVL12:
 281              		.loc 1 118 5 is_stmt 0 view .LVU73
 282 001c FFF7FEFF 		bl	HAL_GPIO_DeInit
 283              	.LVL13:
 119:Core/Src/i2c.c **** 
 120:Core/Src/i2c.c ****     HAL_GPIO_DeInit(I2C1_SDA_GPIO_Port, I2C1_SDA_Pin);
 284              		.loc 1 120 5 is_stmt 1 view .LVU74
 285 0020 8021     		movs	r1, #128
 286 0022 2046     		mov	r0, r4
 287 0024 FFF7FEFF 		bl	HAL_GPIO_DeInit
 288              	.LVL14:
 121:Core/Src/i2c.c **** 
 122:Core/Src/i2c.c ****   /* USER CODE BEGIN I2C1_MspDeInit 1 */
 123:Core/Src/i2c.c **** 
 124:Core/Src/i2c.c ****   /* USER CODE END I2C1_MspDeInit 1 */
 125:Core/Src/i2c.c ****   }
 126:Core/Src/i2c.c **** }
 289              		.loc 1 126 1 is_stmt 0 view .LVU75
 290 0028 10BD     		pop	{r4, pc}
 291              	.L25:
 292 002a 00BF     		.align	2
 293              	.L24:
 294 002c 00540040 		.word	1073763328
 295 0030 00100240 		.word	1073876992
 296 0034 00040048 		.word	1207960576
 297              		.cfi_endproc
 298              	.LFE132:
 300              		.global	hi2c1
 301              		.section	.bss.hi2c1,"aw",%nobits
 302              		.align	2
 303              		.set	.LANCHOR0,. + 0
 306              	hi2c1:
 307 0000 00000000 		.space	76
 307      00000000 
 307      00000000 
 307      00000000 
ARM GAS  /tmp/ccyyVHRa.s 			page 9


 307      00000000 
 308              		.text
 309              	.Letext0:
 310              		.file 2 "/usr/share/gcc-arm-none-eabi-10.3-2021.10/arm-none-eabi/include/machine/_default_types.h"
 311              		.file 3 "/usr/share/gcc-arm-none-eabi-10.3-2021.10/arm-none-eabi/include/sys/_stdint.h"
 312              		.file 4 "Drivers/CMSIS/Device/ST/STM32F3xx/Include/stm32f303xc.h"
 313              		.file 5 "Drivers/STM32F3xx_HAL_Driver/Inc/stm32f3xx_hal_def.h"
 314              		.file 6 "Drivers/STM32F3xx_HAL_Driver/Inc/stm32f3xx_hal_gpio.h"
 315              		.file 7 "Drivers/STM32F3xx_HAL_Driver/Inc/stm32f3xx_hal_dma.h"
 316              		.file 8 "Drivers/STM32F3xx_HAL_Driver/Inc/stm32f3xx_hal_i2c.h"
 317              		.file 9 "Drivers/STM32F3xx_HAL_Driver/Inc/stm32f3xx_hal_i2c_ex.h"
 318              		.file 10 "Core/Inc/main.h"
 319              		.file 11 "Core/Inc/i2c.h"
ARM GAS  /tmp/ccyyVHRa.s 			page 10


DEFINED SYMBOLS
                            *ABS*:0000000000000000 i2c.c
     /tmp/ccyyVHRa.s:20     .text.MX_I2C1_Init:0000000000000000 $t
     /tmp/ccyyVHRa.s:26     .text.MX_I2C1_Init:0000000000000000 MX_I2C1_Init
     /tmp/ccyyVHRa.s:116    .text.MX_I2C1_Init:000000000000004c $d
     /tmp/ccyyVHRa.s:123    .text.HAL_I2C_MspInit:0000000000000000 $t
     /tmp/ccyyVHRa.s:129    .text.HAL_I2C_MspInit:0000000000000000 HAL_I2C_MspInit
     /tmp/ccyyVHRa.s:236    .text.HAL_I2C_MspInit:0000000000000060 $d
     /tmp/ccyyVHRa.s:243    .text.HAL_I2C_MspDeInit:0000000000000000 $t
     /tmp/ccyyVHRa.s:249    .text.HAL_I2C_MspDeInit:0000000000000000 HAL_I2C_MspDeInit
     /tmp/ccyyVHRa.s:294    .text.HAL_I2C_MspDeInit:000000000000002c $d
     /tmp/ccyyVHRa.s:306    .bss.hi2c1:0000000000000000 hi2c1
     /tmp/ccyyVHRa.s:302    .bss.hi2c1:0000000000000000 $d

UNDEFINED SYMBOLS
HAL_I2C_Init
HAL_I2CEx_ConfigAnalogFilter
HAL_I2CEx_ConfigDigitalFilter
Error_Handler
HAL_GPIO_Init
HAL_GPIO_DeInit
